<?xml version="1.0" encoding="UTF-8"?>
<!-- Generated by org.testng.reporters.JUnitXMLReporter -->
<testsuite ignored="0" hostname="QQSPLOXLTP0083" failures="0" tests="7" name="Default test" time="4.053" errors="0" timestamp="2022-08-07T12:40:08 IST">
  <testcase classname="com.hertzbit.restassuredlearning.assesment.ValidatePOJO" name="getAllUsersTest" time="1.977"/>
  <testcase classname="com.hertzbit.restassuredlearning.assesment.ValidatePOJO" name="postUserTest" time="0.189"/>
  <testcase classname="com.hertzbit.restassuredlearning.assesment.ValidatePOJO" name="postUserTest" time="0.176"/>
  <testcase classname="com.hertzbit.restassuredlearning.assesment.ValidatePOJO" name="testGETUser" time="0.236"/>
  <testcase classname="com.hertzbit.restassuredlearning.assesment.ValidatePOJO" name="putUserTest" time="0.245"/>
  <testcase classname="com.hertzbit.restassuredlearning.assesment.ValidatePOJO" name="putUserTest" time="0.179"/>
  <testcase classname="com.hertzbit.restassuredlearning.assesment.ValidatePOJO" name="deleteUserTest" time="0.158"/>
</testsuite> <!-- Default test -->
