<?xml version="1.0" encoding="UTF-8"?>
<testng-results ignored="0" total="7" passed="7" failed="0" skipped="0">
  <reporter-output>
  </reporter-output>
  <suite started-at="2022-08-07T12:40:04 IST" name="Default suite" finished-at="2022-08-07T12:40:08 IST" duration-ms="4053">
    <groups>
    </groups>
    <test started-at="2022-08-07T12:40:04 IST" name="Default test" finished-at="2022-08-07T12:40:08 IST" duration-ms="4053">
      <class name="com.hertzbit.restassuredlearning.assesment.ValidatePOJO">
        <test-method signature="getAllUsersTest()[pri:0, instance:com.hertzbit.restassuredlearning.assesment.ValidatePOJO@61df66b6]" started-at="2022-08-07T12:40:04 IST" name="getAllUsersTest" finished-at="2022-08-07T12:40:06 IST" duration-ms="1977" status="PASS">
          <reporter-output>
          </reporter-output>
        </test-method> <!-- getAllUsersTest -->
        <test-method signature="postUserTest(java.lang.String,java.lang.String,java.lang.String,java.lang.String)[pri:0, instance:com.hertzbit.restassuredlearning.assesment.ValidatePOJO@61df66b6]" started-at="2022-08-07T12:40:07 IST" name="postUserTest" data-provider="getUser" finished-at="2022-08-07T12:40:07 IST" duration-ms="189" status="PASS">
          <params>
            <param index="0">
              <value>
                <![CDATA[aa5@gmail.com]]>
              </value>
            </param>
            <param index="1">
              <value>
                <![CDATA[ram]]>
              </value>
            </param>
            <param index="2">
              <value>
                <![CDATA[gates]]>
              </value>
            </param>
            <param index="3">
              <value>
                <![CDATA[234]]>
              </value>
            </param>
          </params>
          <reporter-output>
          </reporter-output>
        </test-method> <!-- postUserTest -->
        <test-method signature="postUserTest(java.lang.String,java.lang.String,java.lang.String,java.lang.String)[pri:0, instance:com.hertzbit.restassuredlearning.assesment.ValidatePOJO@61df66b6]" started-at="2022-08-07T12:40:07 IST" name="postUserTest" data-provider="getUser" finished-at="2022-08-07T12:40:07 IST" duration-ms="176" status="PASS">
          <params>
            <param index="0">
              <value>
                <![CDATA[bb5@gmail.com]]>
              </value>
            </param>
            <param index="1">
              <value>
                <![CDATA[bhim]]>
              </value>
            </param>
            <param index="2">
              <value>
                <![CDATA[tata]]>
              </value>
            </param>
            <param index="3">
              <value>
                <![CDATA[775]]>
              </value>
            </param>
          </params>
          <reporter-output>
          </reporter-output>
        </test-method> <!-- postUserTest -->
        <test-method signature="testGETUser()[pri:3, instance:com.hertzbit.restassuredlearning.assesment.ValidatePOJO@61df66b6]" started-at="2022-08-07T12:40:07 IST" name="testGETUser" finished-at="2022-08-07T12:40:08 IST" duration-ms="236" status="PASS">
          <reporter-output>
          </reporter-output>
        </test-method> <!-- testGETUser -->
        <test-method signature="putUserTest(java.lang.String)[pri:4, instance:com.hertzbit.restassuredlearning.assesment.ValidatePOJO@61df66b6]" started-at="2022-08-07T12:40:08 IST" name="putUserTest" data-provider="putUser" finished-at="2022-08-07T12:40:08 IST" duration-ms="245" status="PASS">
          <params>
            <param index="0">
              <value>
                <![CDATA[abc]]>
              </value>
            </param>
          </params>
          <reporter-output>
          </reporter-output>
        </test-method> <!-- putUserTest -->
        <test-method signature="putUserTest(java.lang.String)[pri:4, instance:com.hertzbit.restassuredlearning.assesment.ValidatePOJO@61df66b6]" started-at="2022-08-07T12:40:08 IST" name="putUserTest" data-provider="putUser" finished-at="2022-08-07T12:40:08 IST" duration-ms="179" status="PASS">
          <params>
            <param index="0">
              <value>
                <![CDATA[xyz]]>
              </value>
            </param>
          </params>
          <reporter-output>
          </reporter-output>
        </test-method> <!-- putUserTest -->
        <test-method signature="deleteUserTest()[pri:5, instance:com.hertzbit.restassuredlearning.assesment.ValidatePOJO@61df66b6]" started-at="2022-08-07T12:40:08 IST" name="deleteUserTest" finished-at="2022-08-07T12:40:08 IST" duration-ms="158" status="PASS">
          <reporter-output>
          </reporter-output>
        </test-method> <!-- deleteUserTest -->
      </class> <!-- com.hertzbit.restassuredlearning.assesment.ValidatePOJO -->
    </test> <!-- Default test -->
  </suite> <!-- Default suite -->
</testng-results>
